c:\users\sruthi guvvala\desktop\project3final\project3\typeanalysis\debug\vc140.pdb
c:\users\sruthi guvvala\desktop\project3final\project3\typeanalysis\debug\vc140.idb
c:\users\sruthi guvvala\desktop\project3final\project3\typeanalysis\debug\filemgr.obj
c:\users\sruthi guvvala\desktop\project3final\project3\typeanalysis\debug\filesystem.obj
c:\users\sruthi guvvala\desktop\project3final\project3\typeanalysis\debug\actionsandrules.obj
c:\users\sruthi guvvala\desktop\project3final\project3\typeanalysis\debug\configureparser.obj
c:\users\sruthi guvvala\desktop\project3final\project3\typeanalysis\debug\parser.obj
c:\users\sruthi guvvala\desktop\project3final\project3\typeanalysis\debug\queuedworkitems.obj
c:\users\sruthi guvvala\desktop\project3final\project3\typeanalysis\debug\scopestack.obj
c:\users\sruthi guvvala\desktop\project3final\project3\typeanalysis\debug\semiexp.obj
c:\users\sruthi guvvala\desktop\project3final\project3\typeanalysis\debug\tokenizer.obj
c:\users\sruthi guvvala\desktop\project3final\project3\typeanalysis\debug\utilities.obj
c:\users\sruthi guvvala\desktop\project3final\project3\typeanalysis\debug\typeanalysis.obj
c:\users\sruthi guvvala\desktop\project3final\project3\debug\typeanalysis.ilk
c:\users\sruthi guvvala\desktop\project3final\project3\debug\typeanalysis.exe
c:\users\sruthi guvvala\desktop\project3final\project3\debug\typeanalysis.pdb
c:\users\sruthi guvvala\desktop\project3final\project3\typeanalysis\debug\typeanalysis.tlog\cl.command.1.tlog
c:\users\sruthi guvvala\desktop\project3final\project3\typeanalysis\debug\typeanalysis.tlog\cl.read.1.tlog
c:\users\sruthi guvvala\desktop\project3final\project3\typeanalysis\debug\typeanalysis.tlog\cl.write.1.tlog
c:\users\sruthi guvvala\desktop\project3final\project3\typeanalysis\debug\typeanalysis.tlog\link.command.1.tlog
c:\users\sruthi guvvala\desktop\project3final\project3\typeanalysis\debug\typeanalysis.tlog\link.read.1.tlog
c:\users\sruthi guvvala\desktop\project3final\project3\typeanalysis\debug\typeanalysis.tlog\link.write.1.tlog
