c:\users\sruthi guvvala\desktop\project3final\project3\dependancyanalysis\debug\dependancyanalysis.pdb
c:\users\sruthi guvvala\desktop\project3final\project3\dependancyanalysis\debug\dependancyanalysis.idb
c:\users\sruthi guvvala\desktop\project3final\project3\dependancyanalysis\debug\filesystem.obj
c:\users\sruthi guvvala\desktop\project3final\project3\dependancyanalysis\debug\actionsandrules.obj
c:\users\sruthi guvvala\desktop\project3final\project3\dependancyanalysis\debug\configureparser.obj
c:\users\sruthi guvvala\desktop\project3final\project3\dependancyanalysis\debug\parser.obj
c:\users\sruthi guvvala\desktop\project3final\project3\dependancyanalysis\debug\scopestack.obj
c:\users\sruthi guvvala\desktop\project3final\project3\dependancyanalysis\debug\semiexp.obj
c:\users\sruthi guvvala\desktop\project3final\project3\dependancyanalysis\debug\tokenizer.obj
c:\users\sruthi guvvala\desktop\project3final\project3\dependancyanalysis\debug\typeanalysis.obj
c:\users\sruthi guvvala\desktop\project3final\project3\dependancyanalysis\debug\utilities.obj
c:\users\sruthi guvvala\desktop\project3final\project3\dependancyanalysis\debug\dependancyanalysis.obj
c:\users\sruthi guvvala\desktop\project3final\project3\debug\dependancyanalysis.lib
c:\users\sruthi guvvala\desktop\project3final\project3\debug\dependancyanalysis.pdb
c:\users\sruthi guvvala\desktop\project3final\project3\dependancyanalysis\debug\dependan.499fc364.tlog\cl.command.1.tlog
c:\users\sruthi guvvala\desktop\project3final\project3\dependancyanalysis\debug\dependan.499fc364.tlog\cl.read.1.tlog
c:\users\sruthi guvvala\desktop\project3final\project3\dependancyanalysis\debug\dependan.499fc364.tlog\cl.write.1.tlog
c:\users\sruthi guvvala\desktop\project3final\project3\dependancyanalysis\debug\dependan.499fc364.tlog\lib-link.read.1.tlog
c:\users\sruthi guvvala\desktop\project3final\project3\dependancyanalysis\debug\dependan.499fc364.tlog\lib-link.write.1.tlog
c:\users\sruthi guvvala\desktop\project3final\project3\dependancyanalysis\debug\dependan.499fc364.tlog\lib.command.1.tlog
