c:\users\sruthi guvvala\desktop\project3final\project3\textexec\debug\vc140.pdb
c:\users\sruthi guvvala\desktop\project3final\project3\textexec\debug\vc140.idb
c:\users\sruthi guvvala\desktop\project3final\project3\textexec\debug\datastore.obj
c:\users\sruthi guvvala\desktop\project3final\project3\textexec\debug\dependancyanalysis.obj
c:\users\sruthi guvvala\desktop\project3final\project3\textexec\debug\filemgr.obj
c:\users\sruthi guvvala\desktop\project3final\project3\textexec\debug\filesystem.obj
c:\users\sruthi guvvala\desktop\project3final\project3\textexec\debug\paralleldependency.obj
c:\users\sruthi guvvala\desktop\project3final\project3\textexec\debug\actionsandrules.obj
c:\users\sruthi guvvala\desktop\project3final\project3\textexec\debug\configureparser.obj
c:\users\sruthi guvvala\desktop\project3final\project3\textexec\debug\parser.obj
c:\users\sruthi guvvala\desktop\project3final\project3\textexec\debug\queuedworkitems.obj
c:\users\sruthi guvvala\desktop\project3final\project3\textexec\debug\semiexp.obj
c:\users\sruthi guvvala\desktop\project3final\project3\textexec\debug\tokenizer.obj
c:\users\sruthi guvvala\desktop\project3final\project3\textexec\debug\typeanalysis.obj
c:\users\sruthi guvvala\desktop\project3final\project3\textexec\debug\utilities.obj
c:\users\sruthi guvvala\desktop\project3final\project3\textexec\debug\testexec.obj
c:\users\sruthi guvvala\desktop\project3final\project3\debug\paralleldependencyexecutive.ilk
c:\users\sruthi guvvala\desktop\project3final\project3\debug\paralleldependencyexecutive.exe
c:\users\sruthi guvvala\desktop\project3final\project3\debug\paralleldependencyexecutive.pdb
c:\users\sruthi guvvala\desktop\project3final\project3\textexec\debug\parallel.bd658237.tlog\cl.command.1.tlog
c:\users\sruthi guvvala\desktop\project3final\project3\textexec\debug\parallel.bd658237.tlog\cl.read.1.tlog
c:\users\sruthi guvvala\desktop\project3final\project3\textexec\debug\parallel.bd658237.tlog\cl.write.1.tlog
c:\users\sruthi guvvala\desktop\project3final\project3\textexec\debug\parallel.bd658237.tlog\link.command.1.tlog
c:\users\sruthi guvvala\desktop\project3final\project3\textexec\debug\parallel.bd658237.tlog\link.read.1.tlog
c:\users\sruthi guvvala\desktop\project3final\project3\textexec\debug\parallel.bd658237.tlog\link.write.1.tlog
