c:\users\sruthi guvvala\desktop\project3final\project3\paralleldependency\debug\paralleldependency.pdb
c:\users\sruthi guvvala\desktop\project3final\project3\paralleldependency\debug\paralleldependency.idb
c:\users\sruthi guvvala\desktop\project3final\project3\paralleldependency\debug\dependancyanalysis.obj
c:\users\sruthi guvvala\desktop\project3final\project3\paralleldependency\debug\filesystem.obj
c:\users\sruthi guvvala\desktop\project3final\project3\paralleldependency\debug\actionsandrules.obj
c:\users\sruthi guvvala\desktop\project3final\project3\paralleldependency\debug\configureparser.obj
c:\users\sruthi guvvala\desktop\project3final\project3\paralleldependency\debug\parser.obj
c:\users\sruthi guvvala\desktop\project3final\project3\paralleldependency\debug\semiexp.obj
c:\users\sruthi guvvala\desktop\project3final\project3\paralleldependency\debug\tokenizer.obj
c:\users\sruthi guvvala\desktop\project3final\project3\paralleldependency\debug\typeanalysis.obj
c:\users\sruthi guvvala\desktop\project3final\project3\paralleldependency\debug\utilities.obj
c:\users\sruthi guvvala\desktop\project3final\project3\paralleldependency\debug\paralleldependency.obj
c:\users\sruthi guvvala\desktop\project3final\project3\debug\paralleldependency.lib
c:\users\sruthi guvvala\desktop\project3final\project3\debug\paralleldependency.pdb
c:\users\sruthi guvvala\desktop\project3final\project3\paralleldependency\debug\parallel.fd74c3c3.tlog\cl.command.1.tlog
c:\users\sruthi guvvala\desktop\project3final\project3\paralleldependency\debug\parallel.fd74c3c3.tlog\cl.read.1.tlog
c:\users\sruthi guvvala\desktop\project3final\project3\paralleldependency\debug\parallel.fd74c3c3.tlog\cl.write.1.tlog
c:\users\sruthi guvvala\desktop\project3final\project3\paralleldependency\debug\parallel.fd74c3c3.tlog\lib-link.read.1.tlog
c:\users\sruthi guvvala\desktop\project3final\project3\paralleldependency\debug\parallel.fd74c3c3.tlog\lib-link.write.1.tlog
c:\users\sruthi guvvala\desktop\project3final\project3\paralleldependency\debug\parallel.fd74c3c3.tlog\lib.command.1.tlog
